<?xml version="1.0" encoding="UTF-8"?>
<!-- Generated by org.testng.reporters.JUnitReportReporter -->
<testsuite hostname="HP15S" failures="0" tests="1" name="TestNG.Test_5" time="0.005" errors="0" timestamp="2022-07-22T22:32:18 IST" skipped="0">
  <testcase classname="TestNG.Test_5" name="m2" time="0.005"/>
  <system-out/>
</testsuite> <!-- TestNG.Test_5 -->
