<?xml version="1.0" encoding="UTF-8"?>
<!-- Generated by org.testng.reporters.JUnitReportReporter -->
<testsuite hostname="HP15S" failures="0" tests="4" name="test_ng.Test_1" time="0.015" errors="0" timestamp="2022-07-18T12:24:32 IST" skipped="0">
  <testcase classname="test_ng.Test_1" name="test_001" time="0.012"/>
  <system-out/>
  <testcase classname="test_ng.Test_1" name="test_002" time="0.001"/>
  <system-out/>
  <testcase classname="test_ng.Test_1" name="test_003" time="0.001"/>
  <system-out/>
  <testcase classname="test_ng.Test_1" name="test_004" time="0.001"/>
  <system-out/>
</testsuite> <!-- test_ng.Test_1 -->
