<?xml version="1.0" encoding="UTF-8"?>
<!-- Generated by org.testng.reporters.JUnitReportReporter -->
<testsuite hostname="HP15S" failures="0" tests="1" name="TestNG.Test_3" time="8.937" errors="0" timestamp="2022-07-27T15:26:25 IST" skipped="0">
  <testcase classname="TestNG.Test_3" name="m2" time="8.937"/>
  <system-out/>
</testsuite> <!-- TestNG.Test_3 -->
