<?xml version="1.0" encoding="UTF-8"?>
<!-- Generated by org.testng.reporters.JUnitReportReporter -->
<testsuite hostname="HP15S" failures="0" tests="1" name="TestNG.Test_8" time="0.008" errors="0" timestamp="2022-07-23T21:42:14 IST" skipped="0">
  <testcase classname="TestNG.Test_8" name="A1" time="0.008"/>
  <system-out/>
</testsuite> <!-- TestNG.Test_8 -->
