<?xml version="1.0" encoding="UTF-8"?>
<!-- Generated by org.testng.reporters.JUnitReportReporter -->
<testsuite hostname="HP15S" failures="0" tests="5" name="practice.TestNG2" time="0.020" errors="0" timestamp="2022-07-27T14:25:06 IST" skipped="0">
  <testcase classname="practice.TestNG2" name="a" time="0.002"/>
  <system-out/>
  <testcase classname="practice.TestNG2" name="e" time="0.002"/>
  <system-out/>
  <testcase classname="practice.TestNG2" name="d" time="0.012"/>
  <system-out/>
  <testcase classname="practice.TestNG2" name="c" time="0.001"/>
  <system-out/>
  <testcase classname="practice.TestNG2" name="b" time="0.003"/>
  <system-out/>
</testsuite> <!-- practice.TestNG2 -->
