<?xml version="1.0" encoding="UTF-8"?>
<!-- Generated by org.testng.reporters.JUnitReportReporter -->
<testsuite hostname="HP15S" failures="0" tests="2" name="TestNG.Test_6" time="0.009" errors="0" timestamp="2022-07-27T15:15:14 IST" skipped="0">
  <testcase classname="TestNG.Test_6" name="m3" time="0.001"/>
  <system-out/>
  <testcase classname="TestNG.Test_6" name="m2" time="0.008"/>
  <system-out/>
</testsuite> <!-- TestNG.Test_6 -->
