<?xml version="1.0" encoding="UTF-8"?>
<!-- Generated by org.testng.reporters.JUnitReportReporter -->
<testsuite hostname="HP15S" failures="0" tests="2" name="TestNG.Test_4" time="0.010" errors="0" timestamp="2022-07-27T15:22:21 IST" skipped="1">
  <testcase classname="TestNG.Test_4" name="A" time="0.010"/>
  <system-out/>
  <testcase classname="TestNG.Test_4" name="Z">
    <skipped/>
  </testcase> <!-- Z -->
  <system-out/>
</testsuite> <!-- TestNG.Test_4 -->
