<?xml version="1.0" encoding="UTF-8"?>
<!-- Generated by org.testng.reporters.JUnitReportReporter -->
<testsuite hostname="HP15S" failures="0" tests="1" name="Demo_Test.Test_SignUP" time="13.163" errors="0" timestamp="2022-07-31T13:06:51 IST" skipped="0">
  <testcase classname="Demo_Test.Test_SignUP" name="test_2" time="13.163"/>
  <system-out/>
</testsuite> <!-- Demo_Test.Test_SignUP -->
