<?xml version="1.0" encoding="UTF-8"?>
<!-- Generated by org.testng.reporters.JUnitReportReporter -->
<testsuite hostname="HP15S" failures="0" tests="1" name="practice.Testng1" time="29.477" errors="0" timestamp="2022-07-26T15:36:35 IST" skipped="0">
  <testcase classname="practice.Testng1" name="M2" time="29.477"/>
  <system-out/>
</testsuite> <!-- practice.Testng1 -->
