<?xml version="1.0" encoding="UTF-8"?>
<!-- Generated by org.testng.reporters.JUnitReportReporter -->
<testsuite hostname="HP15S" failures="0" tests="1" name="TestNG.ExcelDataReader" time="14.113" errors="0" timestamp="2022-07-27T10:59:16 IST" skipped="0">
  <testcase classname="TestNG.ExcelDataReader" name="test_read" time="14.113"/>
  <system-out/>
</testsuite> <!-- TestNG.ExcelDataReader -->
