<?xml version="1.0" encoding="UTF-8"?>
<!-- Generated by org.testng.reporters.JUnitReportReporter -->
<testsuite hostname="HP15S" failures="0" tests="2" name="practice.Groupping" time="0.008" errors="0" timestamp="2022-07-27T15:00:21 IST" skipped="0">
  <testcase classname="practice.Groupping" name="M3" time="0.001"/>
  <system-out/>
  <testcase classname="practice.Groupping" name="M1" time="0.007"/>
  <system-out/>
</testsuite> <!-- practice.Groupping -->
