<?xml version="1.0" encoding="UTF-8"?>
<!-- Generated by org.testng.reporters.JUnitReportReporter -->
<testsuite hostname="HP15S" failures="0" tests="3" name="test_ng.Test_2" time="34.853" errors="0" timestamp="2022-07-19T23:10:09 IST" skipped="0">
  <testcase classname="test_ng.Test_2" name="Test1" time="9.594"/>
  <system-out/>
  <testcase classname="test_ng.Test_2" name="Test2" time="17.908"/>
  <system-out/>
  <testcase classname="test_ng.Test_2" name="Test3" time="7.351"/>
  <system-out/>
</testsuite> <!-- test_ng.Test_2 -->
