<?xml version="1.0" encoding="UTF-8"?>
<!-- Generated by org.testng.reporters.JUnitReportReporter -->
<testsuite hostname="HP15S" failures="0" tests="1" name="Demo_Test.Test_Login" time="7.098" errors="0" timestamp="2022-07-31T12:36:58 IST" skipped="0">
  <testcase classname="Demo_Test.Test_Login" name="test_1" time="7.098"/>
  <system-out/>
</testsuite> <!-- Demo_Test.Test_Login -->
